\BOOKMARK [1][-]{section.1}{\376\377\000C\000z\000y\000m\000\040\000j\000e\000s\000t\000\040\000L\000a\000T\000e\000X}{}% 1
\BOOKMARK [1][-]{section.2}{\376\377\000R\000o\000z\000p\000o\000c\000z\001\031\000c\000i\000e\000\040\000p\000r\000a\000c\000y\000\040\000w\000\040\000L\000a\000T\000e\000X\000u}{}% 2
\BOOKMARK [2][-]{subsection.2.1}{\376\377\000S\000t\000r\000u\000k\000t\000u\000r\000a\000\040\000d\000o\000k\000u\000m\000e\000n\000t\000u}{section.2}% 3
\BOOKMARK [2][-]{subsection.2.2}{\376\377\000K\000o\000m\000e\000n\000d\000y\000\040\000w\000\040\000L\000a\000T\000e\000X\000u}{section.2}% 4
\BOOKMARK [2][-]{subsection.2.3}{\376\377\000P\000i\000s\000a\000n\000i\000e\000\040\000d\000o\000k\000u\000m\000e\000n\000t\000\363\000w\000\040\000w\000\040\000j\001\031\000z\000y\000k\000u\000\040\000p\000o\000l\000s\000k\000i\000m}{section.2}% 5
\BOOKMARK [1][-]{section.3}{\376\377\000P\000o\000d\000s\000t\000a\000w\000y\000\040\000p\000i\000s\000a\000n\000i\000a\000\040\000d\000o\000k\000u\000m\000e\000n\000t\000\363\000w\000\040\000w\000\040\000L\000a\000T\000e\000X\000u}{}% 6
\BOOKMARK [2][-]{subsection.3.1}{\376\377\000T\000y\000t\000u\001\102\000\040\000i\000\040\000a\000u\000t\000o\000r}{section.3}% 7
\BOOKMARK [2][-]{subsection.3.2}{\376\377\000S\000p\000i\000s\000\040\000t\000r\000e\001\133\000c\000i}{section.3}% 8
\BOOKMARK [2][-]{subsection.3.3}{\376\377\000O\000t\000o\000c\000z\000e\000n\000i\000a}{section.3}% 9
\BOOKMARK [2][-]{subsection.3.4}{\376\377\000F\000o\000r\000m\000a\000t\000o\000w\000a\000n\000i\000e\000\040\000t\000e\000k\000s\000t\000u}{section.3}% 10
\BOOKMARK [1][-]{section.4}{\376\377\000F\000o\000r\000m\000u\001\102\000y\000\040\000m\000a\000t\000e\000m\000a\000t\000y\000c\000z\000n\000e}{}% 11
\BOOKMARK [1][-]{section.5}{\376\377\000T\000a\000b\000e\000l\000e\000\040\000i\000\040\000r\000y\000s\000u\000n\000k\000i}{}% 12
\BOOKMARK [2][-]{subsection.5.1}{\376\377\000T\000a\000b\000e\000l\000e}{section.5}% 13
\BOOKMARK [3][-]{subsubsection.5.1.1}{\376\377\000Z\000a\000a\000w\000a\000n\000s\000o\000w\000a\000n\000e\000\040\000k\000w\000e\000s\000t\000i\000e\000\040\000z\000w\000i\001\005\000z\000a\000n\000e\000\040\000z\000\040\000t\000a\000b\000e\000l\000a\000m\000i}{subsection.5.1}% 14
\BOOKMARK [2][-]{subsection.5.2}{\376\377\000R\000y\000s\000u\000n\000k\000i}{section.5}% 15
\BOOKMARK [2][-]{subsection.5.3}{\376\377\000O\000d\000w\000o\001\102\000a\000n\000i\000a\000\040\000d\000o\000\040\000o\000b\000i\000e\000k\000t\000\363\000w}{section.5}% 16
\BOOKMARK [1][-]{section.6}{\376\377\000K\000o\000d\000\040\001\172\000r\000\363\000d\001\102\000o\000w\000y\000\040\000w\000\040\000d\000o\000k\000u\000m\000e\000n\000t\000a\000c\000h}{}% 17
\BOOKMARK [1][-]{section.7}{\376\377\000B\000i\000b\000l\000i\000o\000g\000r\000a\000f\000i\000a}{}% 18
\BOOKMARK [2][-]{subsection.7.1}{\376\377\000D\000e\000f\000i\000n\000o\000w\000a\000n\000i\000e\000\040\000p\000l\000i\000k\000\363\000w\000\040\000*\000.\000b\000i\000b}{section.7}% 19
\BOOKMARK [2][-]{subsection.7.2}{\376\377\000K\000o\000r\000z\000y\000s\000t\000a\000n\000i\000e\000\040\000z\000\040\000B\000i\000b\000T\000e\000X}{section.7}% 20
\BOOKMARK [1][-]{section.8}{\376\377\000O\000v\000e\000r\000l\000e\000a\000f}{}% 21
